app/build/intermediates/manifest_merge_blame_file/release/manifest-merger-blame-release-report.txt
1<?xml version="1.0" encoding="utf-8"?>
2<manifest xmlns:android="http://schemas.android.com/apk/res/android"
3    package="com.dts.epsonprint"
4    android:versionCode="1"
5    android:versionName="1.0" >
6
7    <uses-sdk
8        android:minSdkVersion="15"
8-->src\main\AndroidManifest.xml
9        android:targetSdkVersion="28" />
9-->src\main\AndroidManifest.xml
10
11    <uses-permission android:name="android.permission.BLUETOOTH" />
11-->src\main\AndroidManifest.xml:5:5-67
11-->src\main\AndroidManifest.xml:5:22-65
12    <uses-permission android:name="android.permission.BLUETOOTH_ADMIN" />
12-->src\main\AndroidManifest.xml:6:5-73
12-->src\main\AndroidManifest.xml:6:22-71
13    <uses-permission android:name="android.permission.INTERNET" />
13-->src\main\AndroidManifest.xml:7:5-66
13-->src\main\AndroidManifest.xml:7:22-64
14    <uses-permission android:name="android.permission.WRITE_EXTERNAL_STORAGE" />
14-->src\main\AndroidManifest.xml:8:5-80
14-->src\main\AndroidManifest.xml:8:22-78
15    <uses-permission android:name="android.permission.ACCESS_COARSE_LOCATION" />
15-->src\main\AndroidManifest.xml:9:5-80
15-->src\main\AndroidManifest.xml:9:22-78
16
17    <application
17-->src\main\AndroidManifest.xml:11:5-31:19
18        android:allowBackup="true"
18-->src\main\AndroidManifest.xml:12:9-35
19        android:appComponentFactory="android.support.v4.app.CoreComponentFactory"
19-->[com.android.support:support-compat:28.0.0] AndroidManifest.xml:22:18-91
20        android:icon="@drawable/epson"
20-->src\main\AndroidManifest.xml:13:9-39
21        android:label="Epson Print"
21-->src\main\AndroidManifest.xml:14:9-36
22        android:theme="@style/AppTheme" >
22-->src\main\AndroidManifest.xml:15:9-40
23        <activity
23-->src\main\AndroidManifest.xml:16:9-30:20
24            android:name="com.dts.epsonprint.MainActivity"
24-->src\main\AndroidManifest.xml:17:13-59
25            android:configChanges="keyboardHidden|orientation|screenSize"
25-->src\main\AndroidManifest.xml:18:13-74
26            android:label="@string/app_title"
26-->src\main\AndroidManifest.xml:19:13-46
27            android:theme="@android:style/Theme.Translucent.NoTitleBar.Fullscreen"
27-->src\main\AndroidManifest.xml:21:13-83
28            android:windowSoftInputMode="stateAlwaysHidden" >
28-->src\main\AndroidManifest.xml:20:13-60
29            <intent-filter>
29-->src\main\AndroidManifest.xml:22:13-27:29
30                <action android:name="android.hardware.usb.action.USB_DEVICE_ATTACHED" />
30-->src\main\AndroidManifest.xml:23:17-90
30-->src\main\AndroidManifest.xml:23:25-87
31                <action android:name="android.intent.action.MAIN" />
31-->src\main\AndroidManifest.xml:24:17-69
31-->src\main\AndroidManifest.xml:24:25-66
32
33                <category android:name="android.intent.category.LAUNCHER" />
33-->src\main\AndroidManifest.xml:26:17-77
33-->src\main\AndroidManifest.xml:26:27-74
34            </intent-filter>
35
36            <meta-data
36-->src\main\AndroidManifest.xml:28:13-29:57
37                android:name="android.hardware.usb.action.USB_DEVICE_ATTACHED"
37-->src\main\AndroidManifest.xml:28:24-86
38                android:resource="@xml/device_filter" />
38-->src\main\AndroidManifest.xml:29:17-54
39        </activity>
40    </application>
41
42</manifest>